<?xml version="1.0" encoding="UTF-8"?>
<!-- Generated by org.testng.reporters.JUnitReportReporter -->
<testsuite hostname="LAPTOP-JVTF571D" failures="0" tests="1" name="com.qa.ECommerce_tc_2" time="27.879" errors="0" timestamp="2023-01-09T17:43:19 IST" skipped="0">
  <testcase classname="com.qa.ECommerce_tc_2" name="addToCart" time="27.879"/>
  <system-out/>
</testsuite> <!-- com.qa.ECommerce_tc_2 -->
