<?xml version="1.0" encoding="UTF-8"?>
<!-- Generated by org.testng.reporters.JUnitReportReporter -->
<testsuite hostname="LAPTOP-JVTF571D" failures="0" tests="1" name="com.qa.SwipeGesture" time="5.499" errors="0" timestamp="2023-01-05T12:10:00 IST" skipped="0">
  <testcase classname="com.qa.SwipeGesture" name="swipe" time="5.499"/>
  <system-out/>
</testsuite> <!-- com.qa.SwipeGesture -->
