<?xml version="1.0" encoding="UTF-8"?>
<!-- Generated by org.testng.reporters.JUnitReportReporter -->
<testsuite hostname="LAPTOP-JVTF571D" failures="0" tests="1" name="com.qa.ScrollDemo" time="10.916" errors="0" timestamp="2023-01-03T21:55:17 IST" skipped="0">
  <testcase classname="com.qa.ScrollDemo" name="scrollGesture" time="10.916"/>
  <system-out/>
</testsuite> <!-- com.qa.ScrollDemo -->
