<?xml version="1.0" encoding="UTF-8"?>
<!-- Generated by org.testng.reporters.JUnitReportReporter -->
<testsuite hostname="LAPTOP-JVTF571D" failures="0" tests="1" name="com.qa.LongPress" time="9.954" errors="0" timestamp="2023-01-03T21:02:46 IST" skipped="0">
  <testcase classname="com.qa.LongPress" name="longPressureGestured" time="9.954"/>
  <system-out/>
</testsuite> <!-- com.qa.LongPress -->
