<?xml version="1.0" encoding="UTF-8"?>
<!-- Generated by org.testng.reporters.JUnitReportReporter -->
<testsuite hostname="LAPTOP-JVTF571D" failures="0" tests="1" name="com.qa.DragandDropGesture" time="6.327" errors="0" timestamp="2023-01-05T12:41:55 IST" skipped="0">
  <testcase classname="com.qa.DragandDropGesture" name="dragDrop" time="6.327"/>
  <system-out/>
</testsuite> <!-- com.qa.DragandDropGesture -->
