<?xml version="1.0" encoding="UTF-8"?>
<!-- Generated by org.testng.reporters.JUnitReportReporter -->
<testsuite hostname="LAPTOP-JVTF571D" failures="0" tests="1" name="com.qa.Ecommerce_tc_1" time="13.307" errors="0" timestamp="2023-01-09T13:23:17 IST" skipped="0">
  <testcase classname="com.qa.Ecommerce_tc_1" name="FillForm" time="13.307"/>
  <system-out/>
</testsuite> <!-- com.qa.Ecommerce_tc_1 -->
